[0.199s] DEBUG:colcon:Command line arguments: ['/usr/bin/colcon', 'list', '-p', '--base-paths', '/root/ros_rblabs_coh45_ex1']
[0.200s] DEBUG:colcon:Parsed command line arguments: Namespace(log_base=None, log_level=None, verb_name='list', build_base='build', ignore_user_meta=False, metas=['./colcon.meta'], base_paths=['/root/ros_rblabs_coh45_ex1'], packages_ignore=None, packages_ignore_regex=None, paths=None, packages_up_to=None, packages_up_to_regex=None, packages_above=None, packages_above_and_dependencies=None, packages_above_depth=None, packages_select_by_dep=None, packages_skip_by_dep=None, packages_skip_up_to=None, packages_select_build_failed=False, packages_skip_build_finished=False, packages_select_test_failures=False, packages_skip_test_passed=False, packages_select=None, packages_skip=None, packages_select_regex=None, packages_skip_regex=None, packages_start=None, packages_end=None, allow_overriding=[], topological_order=False, names_only=False, paths_only=True, topological_graph=False, topological_graph_dot=False, topological_graph_density=False, topological_graph_legend=False, topological_graph_dot_cluster=False, topological_graph_dot_include_skipped=False, verb_parser=<colcon_defaults.argument_parser.defaults.DefaultArgumentsDecorator object at 0x7f683edffc40>, verb_extension=<colcon_package_information.verb.list.ListVerb object at 0x7f683edfed40>, main=<bound method ListVerb.main of <colcon_package_information.verb.list.ListVerb object at 0x7f683edfed40>>)
[0.421s] Level 1:colcon.colcon_core.package_discovery:discover_packages(colcon_meta) check parameters
[0.421s] Level 1:colcon.colcon_core.package_discovery:discover_packages(recursive) check parameters
[0.421s] Level 1:colcon.colcon_core.package_discovery:discover_packages(ignore) check parameters
[0.422s] Level 1:colcon.colcon_core.package_discovery:discover_packages(path) check parameters
[0.422s] Level 1:colcon.colcon_core.package_discovery:discover_packages(recursive) discover
[0.422s] INFO:colcon.colcon_core.package_discovery:Crawling recursively for packages in '/root/ros_rblabs_coh45_ex1'
[0.422s] Level 1:colcon.colcon_core.package_identification:_identify(/root/ros_rblabs_coh45_ex1) by extensions ['ignore', 'ignore_ament_install']
[0.422s] Level 1:colcon.colcon_core.package_identification:_identify(/root/ros_rblabs_coh45_ex1) by extension 'ignore'
[0.422s] Level 1:colcon.colcon_core.package_identification:_identify(/root/ros_rblabs_coh45_ex1) by extension 'ignore_ament_install'
[0.423s] Level 1:colcon.colcon_core.package_identification:_identify(/root/ros_rblabs_coh45_ex1) by extensions ['colcon_pkg']
[0.423s] Level 1:colcon.colcon_core.package_identification:_identify(/root/ros_rblabs_coh45_ex1) by extension 'colcon_pkg'
[0.423s] Level 1:colcon.colcon_core.package_identification:_identify(/root/ros_rblabs_coh45_ex1) by extensions ['colcon_meta']
[0.423s] Level 1:colcon.colcon_core.package_identification:_identify(/root/ros_rblabs_coh45_ex1) by extension 'colcon_meta'
[0.423s] Level 1:colcon.colcon_core.package_identification:_identify(/root/ros_rblabs_coh45_ex1) by extensions ['ros']
[0.423s] Level 1:colcon.colcon_core.package_identification:_identify(/root/ros_rblabs_coh45_ex1) by extension 'ros'
[0.457s] Level 1:colcon.colcon_core.package_identification:_identify(/root/ros_rblabs_coh45_ex1) by extensions ['cmake', 'python']
[0.457s] Level 1:colcon.colcon_core.package_identification:_identify(/root/ros_rblabs_coh45_ex1) by extension 'cmake'
[0.457s] Level 1:colcon.colcon_core.package_identification:_identify(/root/ros_rblabs_coh45_ex1) by extension 'python'
[0.457s] Level 1:colcon.colcon_core.package_identification:_identify(/root/ros_rblabs_coh45_ex1) by extensions ['python_setup_py']
[0.457s] Level 1:colcon.colcon_core.package_identification:_identify(/root/ros_rblabs_coh45_ex1) by extension 'python_setup_py'
[0.458s] Level 1:colcon.colcon_core.package_identification:_identify(/root/ros_rblabs_coh45_ex1/build) by extensions ['ignore', 'ignore_ament_install']
[0.458s] Level 1:colcon.colcon_core.package_identification:_identify(/root/ros_rblabs_coh45_ex1/build) by extension 'ignore'
[0.458s] Level 1:colcon.colcon_core.package_identification:_identify(/root/ros_rblabs_coh45_ex1/build) ignored
[0.459s] Level 1:colcon.colcon_core.package_identification:_identify(/root/ros_rblabs_coh45_ex1/install) by extensions ['ignore', 'ignore_ament_install']
[0.459s] Level 1:colcon.colcon_core.package_identification:_identify(/root/ros_rblabs_coh45_ex1/install) by extension 'ignore'
[0.459s] Level 1:colcon.colcon_core.package_identification:_identify(/root/ros_rblabs_coh45_ex1/install) ignored
[0.459s] Level 1:colcon.colcon_core.package_identification:_identify(/root/ros_rblabs_coh45_ex1/log) by extensions ['ignore', 'ignore_ament_install']
[0.459s] Level 1:colcon.colcon_core.package_identification:_identify(/root/ros_rblabs_coh45_ex1/log) by extension 'ignore'
[0.460s] Level 1:colcon.colcon_core.package_identification:_identify(/root/ros_rblabs_coh45_ex1/log) ignored
[0.460s] Level 1:colcon.colcon_core.package_identification:_identify(/root/ros_rblabs_coh45_ex1/src) by extensions ['ignore', 'ignore_ament_install']
[0.460s] Level 1:colcon.colcon_core.package_identification:_identify(/root/ros_rblabs_coh45_ex1/src) by extension 'ignore'
[0.460s] Level 1:colcon.colcon_core.package_identification:_identify(/root/ros_rblabs_coh45_ex1/src) by extension 'ignore_ament_install'
[0.460s] Level 1:colcon.colcon_core.package_identification:_identify(/root/ros_rblabs_coh45_ex1/src) by extensions ['colcon_pkg']
[0.460s] Level 1:colcon.colcon_core.package_identification:_identify(/root/ros_rblabs_coh45_ex1/src) by extension 'colcon_pkg'
[0.460s] Level 1:colcon.colcon_core.package_identification:_identify(/root/ros_rblabs_coh45_ex1/src) by extensions ['colcon_meta']
[0.460s] Level 1:colcon.colcon_core.package_identification:_identify(/root/ros_rblabs_coh45_ex1/src) by extension 'colcon_meta'
[0.460s] Level 1:colcon.colcon_core.package_identification:_identify(/root/ros_rblabs_coh45_ex1/src) by extensions ['ros']
[0.461s] Level 1:colcon.colcon_core.package_identification:_identify(/root/ros_rblabs_coh45_ex1/src) by extension 'ros'
[0.461s] Level 1:colcon.colcon_core.package_identification:_identify(/root/ros_rblabs_coh45_ex1/src) by extensions ['cmake', 'python']
[0.461s] Level 1:colcon.colcon_core.package_identification:_identify(/root/ros_rblabs_coh45_ex1/src) by extension 'cmake'
[0.461s] Level 1:colcon.colcon_core.package_identification:_identify(/root/ros_rblabs_coh45_ex1/src) by extension 'python'
[0.462s] Level 1:colcon.colcon_core.package_identification:_identify(/root/ros_rblabs_coh45_ex1/src) by extensions ['python_setup_py']
[0.463s] Level 1:colcon.colcon_core.package_identification:_identify(/root/ros_rblabs_coh45_ex1/src) by extension 'python_setup_py'
[0.467s] Level 1:colcon.colcon_core.package_identification:_identify(/root/ros_rblabs_coh45_ex1/src/coh45_ex1) by extensions ['ignore', 'ignore_ament_install']
[0.467s] Level 1:colcon.colcon_core.package_identification:_identify(/root/ros_rblabs_coh45_ex1/src/coh45_ex1) by extension 'ignore'
[0.467s] Level 1:colcon.colcon_core.package_identification:_identify(/root/ros_rblabs_coh45_ex1/src/coh45_ex1) by extension 'ignore_ament_install'
[0.467s] Level 1:colcon.colcon_core.package_identification:_identify(/root/ros_rblabs_coh45_ex1/src/coh45_ex1) by extensions ['colcon_pkg']
[0.467s] Level 1:colcon.colcon_core.package_identification:_identify(/root/ros_rblabs_coh45_ex1/src/coh45_ex1) by extension 'colcon_pkg'
[0.467s] Level 1:colcon.colcon_core.package_identification:_identify(/root/ros_rblabs_coh45_ex1/src/coh45_ex1) by extensions ['colcon_meta']
[0.468s] Level 1:colcon.colcon_core.package_identification:_identify(/root/ros_rblabs_coh45_ex1/src/coh45_ex1) by extension 'colcon_meta'
[0.468s] Level 1:colcon.colcon_core.package_identification:_identify(/root/ros_rblabs_coh45_ex1/src/coh45_ex1) by extensions ['ros']
[0.468s] Level 1:colcon.colcon_core.package_identification:_identify(/root/ros_rblabs_coh45_ex1/src/coh45_ex1) by extension 'ros'
[0.474s] DEBUG:colcon.colcon_core.package_identification:Package '/root/ros_rblabs_coh45_ex1/src/coh45_ex1' with type 'ros.ament_python' and name 'coh45_ex1'
[0.474s] Level 1:colcon.colcon_core.package_discovery:discover_packages(recursive) using defaults
