running egg_info
creating ../../build/coh45_ex1/coh45_ex1.egg-info
writing ../../build/coh45_ex1/coh45_ex1.egg-info/PKG-INFO
writing dependency_links to ../../build/coh45_ex1/coh45_ex1.egg-info/dependency_links.txt
writing entry points to ../../build/coh45_ex1/coh45_ex1.egg-info/entry_points.txt
writing requirements to ../../build/coh45_ex1/coh45_ex1.egg-info/requires.txt
writing top-level names to ../../build/coh45_ex1/coh45_ex1.egg-info/top_level.txt
writing manifest file '../../build/coh45_ex1/coh45_ex1.egg-info/SOURCES.txt'
reading manifest file '../../build/coh45_ex1/coh45_ex1.egg-info/SOURCES.txt'
writing manifest file '../../build/coh45_ex1/coh45_ex1.egg-info/SOURCES.txt'
running build
running build_py
creating /root/ros_rblabs_coh45_ex1/build/coh45_ex1/build
creating /root/ros_rblabs_coh45_ex1/build/coh45_ex1/build/lib
creating /root/ros_rblabs_coh45_ex1/build/coh45_ex1/build/lib/coh45_ex1
copying coh45_ex1/node2_sub_pub.py -> /root/ros_rblabs_coh45_ex1/build/coh45_ex1/build/lib/coh45_ex1
copying coh45_ex1/node1_pub.py -> /root/ros_rblabs_coh45_ex1/build/coh45_ex1/build/lib/coh45_ex1
copying coh45_ex1/node3_sub.py -> /root/ros_rblabs_coh45_ex1/build/coh45_ex1/build/lib/coh45_ex1
copying coh45_ex1/__init__.py -> /root/ros_rblabs_coh45_ex1/build/coh45_ex1/build/lib/coh45_ex1
running install
running install_lib
creating /root/ros_rblabs_coh45_ex1/install/coh45_ex1/lib/python3.10/site-packages/coh45_ex1
copying /root/ros_rblabs_coh45_ex1/build/coh45_ex1/build/lib/coh45_ex1/node2_sub_pub.py -> /root/ros_rblabs_coh45_ex1/install/coh45_ex1/lib/python3.10/site-packages/coh45_ex1
copying /root/ros_rblabs_coh45_ex1/build/coh45_ex1/build/lib/coh45_ex1/node1_pub.py -> /root/ros_rblabs_coh45_ex1/install/coh45_ex1/lib/python3.10/site-packages/coh45_ex1
copying /root/ros_rblabs_coh45_ex1/build/coh45_ex1/build/lib/coh45_ex1/node3_sub.py -> /root/ros_rblabs_coh45_ex1/install/coh45_ex1/lib/python3.10/site-packages/coh45_ex1
copying /root/ros_rblabs_coh45_ex1/build/coh45_ex1/build/lib/coh45_ex1/__init__.py -> /root/ros_rblabs_coh45_ex1/install/coh45_ex1/lib/python3.10/site-packages/coh45_ex1
byte-compiling /root/ros_rblabs_coh45_ex1/install/coh45_ex1/lib/python3.10/site-packages/coh45_ex1/node2_sub_pub.py to node2_sub_pub.cpython-310.pyc
byte-compiling /root/ros_rblabs_coh45_ex1/install/coh45_ex1/lib/python3.10/site-packages/coh45_ex1/node1_pub.py to node1_pub.cpython-310.pyc
byte-compiling /root/ros_rblabs_coh45_ex1/install/coh45_ex1/lib/python3.10/site-packages/coh45_ex1/node3_sub.py to node3_sub.cpython-310.pyc
byte-compiling /root/ros_rblabs_coh45_ex1/install/coh45_ex1/lib/python3.10/site-packages/coh45_ex1/__init__.py to __init__.cpython-310.pyc
running install_data
creating /root/ros_rblabs_coh45_ex1/install/coh45_ex1/share/ament_index
creating /root/ros_rblabs_coh45_ex1/install/coh45_ex1/share/ament_index/resource_index
creating /root/ros_rblabs_coh45_ex1/install/coh45_ex1/share/ament_index/resource_index/packages
copying resource/coh45_ex1 -> /root/ros_rblabs_coh45_ex1/install/coh45_ex1/share/ament_index/resource_index/packages
copying package.xml -> /root/ros_rblabs_coh45_ex1/install/coh45_ex1/share/coh45_ex1
running install_egg_info
Copying ../../build/coh45_ex1/coh45_ex1.egg-info to /root/ros_rblabs_coh45_ex1/install/coh45_ex1/lib/python3.10/site-packages/coh45_ex1-0.0.0-py3.10.egg-info
running install_scripts
Installing node_1 script to /root/ros_rblabs_coh45_ex1/install/coh45_ex1/lib/coh45_ex1
writing list of installed files to '/root/ros_rblabs_coh45_ex1/build/coh45_ex1/install.log'
