[0.553s] Invoking command in '/root/ros_rblabs_coh45_ex1/src/coh45_ex1': PYTHONPATH=/root/ros_rblabs_coh45_ex1/build/coh45_ex1/prefix_override:/usr/lib/python3/dist-packages/colcon_core/task/python/colcon_distutils_commands:/root/ros_rblabs_coh45_ex1/install/coh45_ex1/lib/python3.10/site-packages:${PYTHONPATH} /usr/bin/python3 -W ignore:setup.py install is deprecated setup.py egg_info --egg-base ../../build/coh45_ex1 build --build-base /root/ros_rblabs_coh45_ex1/build/coh45_ex1/build install --record /root/ros_rblabs_coh45_ex1/build/coh45_ex1/install.log --single-version-externally-managed install_data
[0.731s] running egg_info
[0.732s] creating ../../build/coh45_ex1/coh45_ex1.egg-info
[0.740s] writing ../../build/coh45_ex1/coh45_ex1.egg-info/PKG-INFO
[0.742s] writing dependency_links to ../../build/coh45_ex1/coh45_ex1.egg-info/dependency_links.txt
[0.742s] writing entry points to ../../build/coh45_ex1/coh45_ex1.egg-info/entry_points.txt
[0.743s] writing requirements to ../../build/coh45_ex1/coh45_ex1.egg-info/requires.txt
[0.743s] writing top-level names to ../../build/coh45_ex1/coh45_ex1.egg-info/top_level.txt
[0.743s] writing manifest file '../../build/coh45_ex1/coh45_ex1.egg-info/SOURCES.txt'
[0.746s] reading manifest file '../../build/coh45_ex1/coh45_ex1.egg-info/SOURCES.txt'
[0.746s] writing manifest file '../../build/coh45_ex1/coh45_ex1.egg-info/SOURCES.txt'
[0.747s] running build
[0.747s] running build_py
[0.747s] creating /root/ros_rblabs_coh45_ex1/build/coh45_ex1/build
[0.749s] creating /root/ros_rblabs_coh45_ex1/build/coh45_ex1/build/lib
[0.750s] creating /root/ros_rblabs_coh45_ex1/build/coh45_ex1/build/lib/coh45_ex1
[0.753s] copying coh45_ex1/node2_sub_pub.py -> /root/ros_rblabs_coh45_ex1/build/coh45_ex1/build/lib/coh45_ex1
[0.753s] copying coh45_ex1/node1_pub.py -> /root/ros_rblabs_coh45_ex1/build/coh45_ex1/build/lib/coh45_ex1
[0.753s] copying coh45_ex1/node3_sub.py -> /root/ros_rblabs_coh45_ex1/build/coh45_ex1/build/lib/coh45_ex1
[0.753s] copying coh45_ex1/__init__.py -> /root/ros_rblabs_coh45_ex1/build/coh45_ex1/build/lib/coh45_ex1
[0.754s] running install
[0.755s] running install_lib
[0.756s] creating /root/ros_rblabs_coh45_ex1/install/coh45_ex1/lib/python3.10/site-packages/coh45_ex1
[0.757s] copying /root/ros_rblabs_coh45_ex1/build/coh45_ex1/build/lib/coh45_ex1/node2_sub_pub.py -> /root/ros_rblabs_coh45_ex1/install/coh45_ex1/lib/python3.10/site-packages/coh45_ex1
[0.758s] copying /root/ros_rblabs_coh45_ex1/build/coh45_ex1/build/lib/coh45_ex1/node1_pub.py -> /root/ros_rblabs_coh45_ex1/install/coh45_ex1/lib/python3.10/site-packages/coh45_ex1
[0.759s] copying /root/ros_rblabs_coh45_ex1/build/coh45_ex1/build/lib/coh45_ex1/node3_sub.py -> /root/ros_rblabs_coh45_ex1/install/coh45_ex1/lib/python3.10/site-packages/coh45_ex1
[0.759s] copying /root/ros_rblabs_coh45_ex1/build/coh45_ex1/build/lib/coh45_ex1/__init__.py -> /root/ros_rblabs_coh45_ex1/install/coh45_ex1/lib/python3.10/site-packages/coh45_ex1
[0.760s] byte-compiling /root/ros_rblabs_coh45_ex1/install/coh45_ex1/lib/python3.10/site-packages/coh45_ex1/node2_sub_pub.py to node2_sub_pub.cpython-310.pyc
[0.762s] byte-compiling /root/ros_rblabs_coh45_ex1/install/coh45_ex1/lib/python3.10/site-packages/coh45_ex1/node1_pub.py to node1_pub.cpython-310.pyc
[0.763s] byte-compiling /root/ros_rblabs_coh45_ex1/install/coh45_ex1/lib/python3.10/site-packages/coh45_ex1/node3_sub.py to node3_sub.cpython-310.pyc
[0.763s] byte-compiling /root/ros_rblabs_coh45_ex1/install/coh45_ex1/lib/python3.10/site-packages/coh45_ex1/__init__.py to __init__.cpython-310.pyc
[0.763s] running install_data
[0.764s] creating /root/ros_rblabs_coh45_ex1/install/coh45_ex1/share/ament_index
[0.765s] creating /root/ros_rblabs_coh45_ex1/install/coh45_ex1/share/ament_index/resource_index
[0.766s] creating /root/ros_rblabs_coh45_ex1/install/coh45_ex1/share/ament_index/resource_index/packages
[0.768s] copying resource/coh45_ex1 -> /root/ros_rblabs_coh45_ex1/install/coh45_ex1/share/ament_index/resource_index/packages
[0.768s] copying package.xml -> /root/ros_rblabs_coh45_ex1/install/coh45_ex1/share/coh45_ex1
[0.768s] running install_egg_info
[0.769s] Copying ../../build/coh45_ex1/coh45_ex1.egg-info to /root/ros_rblabs_coh45_ex1/install/coh45_ex1/lib/python3.10/site-packages/coh45_ex1-0.0.0-py3.10.egg-info
[0.771s] running install_scripts
[0.789s] Installing node_1 script to /root/ros_rblabs_coh45_ex1/install/coh45_ex1/lib/coh45_ex1
[0.792s] writing list of installed files to '/root/ros_rblabs_coh45_ex1/build/coh45_ex1/install.log'
[0.849s] Invoked command in '/root/ros_rblabs_coh45_ex1/src/coh45_ex1' returned '0': PYTHONPATH=/root/ros_rblabs_coh45_ex1/build/coh45_ex1/prefix_override:/usr/lib/python3/dist-packages/colcon_core/task/python/colcon_distutils_commands:/root/ros_rblabs_coh45_ex1/install/coh45_ex1/lib/python3.10/site-packages:${PYTHONPATH} /usr/bin/python3 -W ignore:setup.py install is deprecated setup.py egg_info --egg-base ../../build/coh45_ex1 build --build-base /root/ros_rblabs_coh45_ex1/build/coh45_ex1/build install --record /root/ros_rblabs_coh45_ex1/build/coh45_ex1/install.log --single-version-externally-managed install_data
