/root/ros_rblabs_coh45_ex1/install/coh45_ex1/lib/python3.10/site-packages/coh45_ex1/node2_sub_pub.py
/root/ros_rblabs_coh45_ex1/install/coh45_ex1/lib/python3.10/site-packages/coh45_ex1/node1_pub.py
/root/ros_rblabs_coh45_ex1/install/coh45_ex1/lib/python3.10/site-packages/coh45_ex1/node3_sub.py
/root/ros_rblabs_coh45_ex1/install/coh45_ex1/lib/python3.10/site-packages/coh45_ex1/__init__.py
/root/ros_rblabs_coh45_ex1/install/coh45_ex1/lib/python3.10/site-packages/coh45_ex1/__pycache__/node2_sub_pub.cpython-310.pyc
/root/ros_rblabs_coh45_ex1/install/coh45_ex1/lib/python3.10/site-packages/coh45_ex1/__pycache__/node1_pub.cpython-310.pyc
/root/ros_rblabs_coh45_ex1/install/coh45_ex1/lib/python3.10/site-packages/coh45_ex1/__pycache__/node3_sub.cpython-310.pyc
/root/ros_rblabs_coh45_ex1/install/coh45_ex1/lib/python3.10/site-packages/coh45_ex1/__pycache__/__init__.cpython-310.pyc
/root/ros_rblabs_coh45_ex1/install/coh45_ex1/share/ament_index/resource_index/packages/coh45_ex1
/root/ros_rblabs_coh45_ex1/install/coh45_ex1/share/coh45_ex1/package.xml
/root/ros_rblabs_coh45_ex1/install/coh45_ex1/share/coh45_ex1/launch/my.launch.py
/root/ros_rblabs_coh45_ex1/install/coh45_ex1/lib/python3.10/site-packages/coh45_ex1-0.0.0-py3.10.egg-info/zip-safe
/root/ros_rblabs_coh45_ex1/install/coh45_ex1/lib/python3.10/site-packages/coh45_ex1-0.0.0-py3.10.egg-info/PKG-INFO
/root/ros_rblabs_coh45_ex1/install/coh45_ex1/lib/python3.10/site-packages/coh45_ex1-0.0.0-py3.10.egg-info/top_level.txt
/root/ros_rblabs_coh45_ex1/install/coh45_ex1/lib/python3.10/site-packages/coh45_ex1-0.0.0-py3.10.egg-info/dependency_links.txt
/root/ros_rblabs_coh45_ex1/install/coh45_ex1/lib/python3.10/site-packages/coh45_ex1-0.0.0-py3.10.egg-info/requires.txt
/root/ros_rblabs_coh45_ex1/install/coh45_ex1/lib/python3.10/site-packages/coh45_ex1-0.0.0-py3.10.egg-info/SOURCES.txt
/root/ros_rblabs_coh45_ex1/install/coh45_ex1/lib/python3.10/site-packages/coh45_ex1-0.0.0-py3.10.egg-info/entry_points.txt
/root/ros_rblabs_coh45_ex1/install/coh45_ex1/lib/coh45_ex1/node_1
/root/ros_rblabs_coh45_ex1/install/coh45_ex1/lib/coh45_ex1/node_2
/root/ros_rblabs_coh45_ex1/install/coh45_ex1/lib/coh45_ex1/node_3
