running egg_info
writing ../../build/coh45_ex1/coh45_ex1.egg-info/PKG-INFO
writing dependency_links to ../../build/coh45_ex1/coh45_ex1.egg-info/dependency_links.txt
writing entry points to ../../build/coh45_ex1/coh45_ex1.egg-info/entry_points.txt
writing requirements to ../../build/coh45_ex1/coh45_ex1.egg-info/requires.txt
writing top-level names to ../../build/coh45_ex1/coh45_ex1.egg-info/top_level.txt
reading manifest file '../../build/coh45_ex1/coh45_ex1.egg-info/SOURCES.txt'
writing manifest file '../../build/coh45_ex1/coh45_ex1.egg-info/SOURCES.txt'
running build
running build_py
running install
running install_lib
running install_data
copying package.xml -> /root/ros_rblabs_coh45_ex1/install/coh45_ex1/share/coh45_ex1
running install_egg_info
removing '/root/ros_rblabs_coh45_ex1/install/coh45_ex1/lib/python3.10/site-packages/coh45_ex1-0.0.0-py3.10.egg-info' (and everything under it)
Copying ../../build/coh45_ex1/coh45_ex1.egg-info to /root/ros_rblabs_coh45_ex1/install/coh45_ex1/lib/python3.10/site-packages/coh45_ex1-0.0.0-py3.10.egg-info
running install_scripts
Installing node_1 script to /root/ros_rblabs_coh45_ex1/install/coh45_ex1/lib/coh45_ex1
Installing node_2 script to /root/ros_rblabs_coh45_ex1/install/coh45_ex1/lib/coh45_ex1
Installing node_3 script to /root/ros_rblabs_coh45_ex1/install/coh45_ex1/lib/coh45_ex1
writing list of installed files to '/root/ros_rblabs_coh45_ex1/build/coh45_ex1/install.log'
